<?xml version="1.0" encoding="UTF-8"?>
<!-- Generated by org.testng.reporters.JUnitXMLReporter -->
<testsuite hostname="LAPTOP-G790OGBU" name="Test1" tests="7" failures="1" timestamp="6 May 2024 15:28:41 GMT" time="0.052" errors="0">
  <testcase name="@BeforeClass OpenPage" time="0.0" classname="Test.TestWindowHandle">
    <failure type="java.lang.NullPointerException">
      <![CDATA[java.lang.NullPointerException
	at UtilityClass.ActionsMethod.Get(ActionsMethod.java:38)
	at Test.TestWindowHandle.OpenPage(TestWindowHandle.java:27)
	at java.util.concurrent.FutureTask.run(FutureTask.java:266)
	at java.util.concurrent.ThreadPoolExecutor.runWorker(ThreadPoolExecutor.java:1149)
	at java.util.concurrent.ThreadPoolExecutor$Worker.run(ThreadPoolExecutor.java:624)
	at java.lang.Thread.run(Thread.java:748)
... Removed 16 stack frames]]>
    </failure>
  </testcase> <!-- @BeforeClass OpenPage -->
  <testcase name="setUp" time="0.0" classname="PKG1.Baseclass">
    <skipped/>
  </testcase> <!-- setUp -->
  <testcase name="setUp" time="0.0" classname="Test.TestWindowHandle">
    <skipped/>
  </testcase> <!-- setUp -->
  <testcase name="VerifyBrowser" time="0.006" classname="PKG1.Baseclass">
    <failure type="java.lang.NullPointerException">
      <![CDATA[java.lang.NullPointerException
	at PKG1.Baseclass.VerifyBrowser(Baseclass.java:261)
	at java.util.concurrent.FutureTask.run(FutureTask.java:266)
	at java.util.concurrent.ThreadPoolExecutor.runWorker(ThreadPoolExecutor.java:1149)
	at java.util.concurrent.ThreadPoolExecutor$Worker.run(ThreadPoolExecutor.java:624)
	at java.lang.Thread.run(Thread.java:748)
... Removed 16 stack frames]]>
    </failure>
  </testcase> <!-- VerifyBrowser -->
  <testcase name="VerifyBrowser" time="0.001" classname="Test.TestWindowHandle">
    <skipped/>
  </testcase> <!-- VerifyBrowser -->
  <testcase name="ClickOnWindowTab" time="0.0" classname="Test.TestWindowHandle">
    <skipped/>
  </testcase> <!-- ClickOnWindowTab -->
  <testcase name="HandleWindow" time="0.0" classname="Test.TestWindowHandle">
    <skipped/>
  </testcase> <!-- HandleWindow -->
  <testcase name="WindowHandel" time="0.0" classname="Test.TestWindowHandle">
    <skipped/>
  </testcase> <!-- WindowHandel -->
</testsuite> <!-- Test1 -->
