<?xml version="1.0" encoding="UTF-8"?>
<testng-results skipped="0" failed="0" total="2" passed="2">
  <reporter-output>
  </reporter-output>
  <suite name="Default suite" duration-ms="39602" started-at="2024-05-13T20:19:24Z" finished-at="2024-05-13T20:20:03Z">
    <groups>
    </groups>
    <test name="Default test" duration-ms="39602" started-at="2024-05-13T20:19:24Z" finished-at="2024-05-13T20:20:03Z">
      <class name="TestScript.Testhome">
        <test-method status="PASS" signature="ReadPropertyFile()[pri:0, instance:TestScript.Testhome@4157f54e]" name="ReadPropertyFile" is-config="true" duration-ms="170" started-at="2024-05-14T01:49:24Z" finished-at="2024-05-14T01:49:24Z">
          <reporter-output>
          </reporter-output>
        </test-method> <!-- ReadPropertyFile -->
        <test-method status="PASS" signature="setUp(java.lang.String)[pri:0, instance:TestScript.Testhome@4157f54e]" name="setUp" is-config="true" duration-ms="6883" started-at="2024-05-14T01:49:24Z" finished-at="2024-05-14T01:49:31Z">
          <params>
            <param index="0">
              <value is-null="true"/>
            </param>
          </params>
          <reporter-output>
          </reporter-output>
        </test-method> <!-- setUp -->
        <test-method status="PASS" signature="PassUrl()[pri:0, instance:TestScript.Testhome@4157f54e]" name="PassUrl" is-config="true" duration-ms="26044" started-at="2024-05-14T01:49:31Z" finished-at="2024-05-14T01:49:57Z">
          <reporter-output>
          </reporter-output>
        </test-method> <!-- PassUrl -->
        <test-method status="PASS" signature="VerifyBrowser()[pri:0, instance:TestScript.Testhome@4157f54e]" name="VerifyBrowser" duration-ms="16" started-at="2024-05-14T01:49:57Z" finished-at="2024-05-14T01:49:57Z">
          <reporter-output>
          </reporter-output>
        </test-method> <!-- VerifyBrowser -->
        <test-method status="PASS" signature="skipSing()[pri:0, instance:TestScript.Testhome@4157f54e]" name="skipSing" duration-ms="5933" started-at="2024-05-14T01:49:57Z" finished-at="2024-05-14T01:50:03Z">
          <reporter-output>
          </reporter-output>
        </test-method> <!-- skipSing -->
      </class> <!-- TestScript.Testhome -->
    </test> <!-- Default test -->
  </suite> <!-- Default suite -->
</testng-results>
